  main.cpp
  ofApp.cpp
  Info: Boost.Config is older than your compiler version - probably nothing bad will happen - but you may wish to look for an update Boost version.  Define BOOST_CONFIG_SUPPRESS_OUTDATED_MESSAGE to suppress this message.
  Info: Boost.Config is older than your compiler version - probably nothing bad will happen - but you may wish to look for an update Boost version.  Define BOOST_CONFIG_SUPPRESS_OUTDATED_MESSAGE to suppress this message.
c:\users\dbisig\programming\of_v0.11.2\libs\openframeworks\math\ofmatrix4x4.h(326): warning C4267: 'argument': conversion from 'size_t' to 'int', possible loss of data (compiling source file src\main.cpp)
c:\users\dbisig\programming\of_v0.11.2\libs\openframeworks\math\ofmatrix4x4.h(331): warning C4267: 'argument': conversion from 'size_t' to 'int', possible loss of data (compiling source file src\main.cpp)
c:\users\dbisig\programming\of_v0.11.2\libs\openframeworks\math\ofmatrix4x4.h(326): warning C4267: 'argument': conversion from 'size_t' to 'int', possible loss of data (compiling source file src\ofApp.cpp)
c:\users\dbisig\programming\of_v0.11.2\libs\openframeworks\math\ofmatrix4x4.h(331): warning C4267: 'argument': conversion from 'size_t' to 'int', possible loss of data (compiling source file src\ofApp.cpp)
c:\users\dbisig\programming\of_v0.11.2\libs\openframeworks\math\ofmatrix4x4.h(912): warning C4267: 'argument': conversion from 'size_t' to 'int', possible loss of data (compiling source file src\main.cpp)
c:\users\dbisig\programming\of_v0.11.2\libs\openframeworks\math\ofmatrix4x4.h(913): warning C4267: 'argument': conversion from 'size_t' to 'int', possible loss of data (compiling source file src\main.cpp)
c:\users\dbisig\programming\of_v0.11.2\libs\openframeworks\math\ofmatrix4x4.h(914): warning C4267: 'argument': conversion from 'size_t' to 'int', possible loss of data (compiling source file src\main.cpp)
c:\users\dbisig\programming\of_v0.11.2\libs\openframeworks\math\ofmatrix4x4.h(915): warning C4267: 'argument': conversion from 'size_t' to 'int', possible loss of data (compiling source file src\main.cpp)
c:\users\dbisig\programming\of_v0.11.2\libs\openframeworks\math\ofmatrix4x4.h(912): warning C4267: 'argument': conversion from 'size_t' to 'int', possible loss of data (compiling source file src\ofApp.cpp)
c:\users\dbisig\programming\of_v0.11.2\libs\openframeworks\math\ofmatrix4x4.h(913): warning C4267: 'argument': conversion from 'size_t' to 'int', possible loss of data (compiling source file src\ofApp.cpp)
c:\users\dbisig\programming\of_v0.11.2\libs\openframeworks\math\ofmatrix4x4.h(914): warning C4267: 'argument': conversion from 'size_t' to 'int', possible loss of data (compiling source file src\ofApp.cpp)
c:\users\dbisig\programming\of_v0.11.2\libs\openframeworks\math\ofmatrix4x4.h(915): warning C4267: 'argument': conversion from 'size_t' to 'int', possible loss of data (compiling source file src\ofApp.cpp)
c:\users\dbisig\programming\of_v0.11.2\addons\ofxdabbase\src\dab_value.h(22): warning C4290: C++ exception specification ignored except to indicate a function is not __declspec(nothrow) (compiling source file src\ofApp.cpp)
c:\users\dbisig\programming\of_v0.11.2\addons\ofxdabbase\src\dab_value.h(30): warning C4290: C++ exception specification ignored except to indicate a function is not __declspec(nothrow) (compiling source file src\ofApp.cpp)
c:\users\dbisig\programming\of_v0.11.2\addons\ofxdabbase\src\dab_value.h(31): warning C4290: C++ exception specification ignored except to indicate a function is not __declspec(nothrow) (compiling source file src\ofApp.cpp)
c:\users\dbisig\programming\of_v0.11.2\addons\ofxdabbase\src\dab_value.h(32): warning C4290: C++ exception specification ignored except to indicate a function is not __declspec(nothrow) (compiling source file src\ofApp.cpp)
c:\users\dbisig\programming\of_v0.11.2\addons\ofxdabbase\src\dab_value.h(33): warning C4290: C++ exception specification ignored except to indicate a function is not __declspec(nothrow) (compiling source file src\ofApp.cpp)
c:\users\dbisig\programming\of_v0.11.2\addons\ofxdabbase\src\dab_value.h(35): warning C4290: C++ exception specification ignored except to indicate a function is not __declspec(nothrow) (compiling source file src\ofApp.cpp)
c:\users\dbisig\programming\of_v0.11.2\addons\ofxdabbase\src\dab_value.h(62): warning C4290: C++ exception specification ignored except to indicate a function is not __declspec(nothrow) (compiling source file src\ofApp.cpp)
  c:\users\dbisig\programming\of_v0.11.2\addons\ofxdabbase\src\dab_value.h(82): note: see reference to class template instantiation 'dab::Value<Type>' being compiled (compiling source file src\ofApp.cpp)
c:\users\dbisig\programming\of_v0.11.2\addons\ofxdabbase\src\dab_value.h(93): warning C4290: C++ exception specification ignored except to indicate a function is not __declspec(nothrow) (compiling source file src\ofApp.cpp)
  c:\users\dbisig\programming\of_v0.11.2\addons\ofxdabbase\src\dab_value.h(105): note: see reference to class template instantiation 'dab::Value<std::array<Type,Dim>>' being compiled (compiling source file src\ofApp.cpp)
c:\users\dbisig\programming\of_v0.11.2\addons\ofxdabbase\src\dab_value.h(132): warning C4290: C++ exception specification ignored except to indicate a function is not __declspec(nothrow) (compiling source file src\ofApp.cpp)
c:\users\dbisig\programming\of_v0.11.2\addons\ofxdabbase\src\dab_value.h(141): warning C4290: C++ exception specification ignored except to indicate a function is not __declspec(nothrow) (compiling source file src\ofApp.cpp)
c:\users\dbisig\programming\of_v0.11.2\addons\ofxdabbase\src\dab_value.h(150): warning C4290: C++ exception specification ignored except to indicate a function is not __declspec(nothrow) (compiling source file src\ofApp.cpp)
c:\users\dbisig\programming\of_v0.11.2\addons\ofxdabbase\src\dab_value.h(159): warning C4290: C++ exception specification ignored except to indicate a function is not __declspec(nothrow) (compiling source file src\ofApp.cpp)
c:\users\dbisig\programming\of_v0.11.2\addons\ofxdabbase\src\dab_value.h(168): warning C4290: C++ exception specification ignored except to indicate a function is not __declspec(nothrow) (compiling source file src\ofApp.cpp)
c:\users\dbisig\programming\of_v0.11.2\addons\ofxdabbase\src\dab_value.h(200): warning C4290: C++ exception specification ignored except to indicate a function is not __declspec(nothrow) (compiling source file src\ofApp.cpp)
c:\users\dbisig\programming\of_v0.11.2\addons\ofxdabbase\src\dab_value.h(318): warning C4290: C++ exception specification ignored except to indicate a function is not __declspec(nothrow) (compiling source file src\ofApp.cpp)
c:\users\dbisig\programming\of_v0.11.2\addons\ofxdabbase\src\dab_index_map.h(77): warning C4290: C++ exception specification ignored except to indicate a function is not __declspec(nothrow) (compiling source file src\ofApp.cpp)
  c:\users\dbisig\programming\of_v0.11.2\addons\ofxdabbase\src\dab_index_map.h(257): note: see reference to class template instantiation 'dab::IndexMap<KeyType,ValueType>' being compiled (compiling source file src\ofApp.cpp)
c:\users\dbisig\programming\of_v0.11.2\addons\ofxdabbase\src\dab_index_map.h(85): warning C4290: C++ exception specification ignored except to indicate a function is not __declspec(nothrow) (compiling source file src\ofApp.cpp)
c:\users\dbisig\programming\of_v0.11.2\addons\ofxdabbase\src\dab_index_map.h(93): warning C4290: C++ exception specification ignored except to indicate a function is not __declspec(nothrow) (compiling source file src\ofApp.cpp)
c:\users\dbisig\programming\of_v0.11.2\addons\ofxdabbase\src\dab_index_map.h(101): warning C4290: C++ exception specification ignored except to indicate a function is not __declspec(nothrow) (compiling source file src\ofApp.cpp)
c:\users\dbisig\programming\of_v0.11.2\addons\ofxdabbase\src\dab_index_map.h(109): warning C4290: C++ exception specification ignored except to indicate a function is not __declspec(nothrow) (compiling source file src\ofApp.cpp)
c:\users\dbisig\programming\of_v0.11.2\addons\ofxdabbase\src\dab_index_map.h(117): warning C4290: C++ exception specification ignored except to indicate a function is not __declspec(nothrow) (compiling source file src\ofApp.cpp)
c:\users\dbisig\programming\of_v0.11.2\addons\ofxdabbase\src\dab_index_map.h(125): warning C4290: C++ exception specification ignored except to indicate a function is not __declspec(nothrow) (compiling source file src\ofApp.cpp)
c:\users\dbisig\programming\of_v0.11.2\addons\ofxdabbase\src\dab_index_map.h(133): warning C4290: C++ exception specification ignored except to indicate a function is not __declspec(nothrow) (compiling source file src\ofApp.cpp)
c:\users\dbisig\programming\of_v0.11.2\addons\ofxdabbase\src\dab_index_map.h(141): warning C4290: C++ exception specification ignored except to indicate a function is not __declspec(nothrow) (compiling source file src\ofApp.cpp)
c:\users\dbisig\programming\of_v0.11.2\addons\ofxdabbase\src\dab_index_map.h(151): warning C4290: C++ exception specification ignored except to indicate a function is not __declspec(nothrow) (compiling source file src\ofApp.cpp)
c:\users\dbisig\programming\of_v0.11.2\addons\ofxdabbase\src\dab_index_map.h(160): warning C4290: C++ exception specification ignored except to indicate a function is not __declspec(nothrow) (compiling source file src\ofApp.cpp)
c:\users\dbisig\programming\of_v0.11.2\addons\ofxdabbase\src\dab_index_map.h(168): warning C4290: C++ exception specification ignored except to indicate a function is not __declspec(nothrow) (compiling source file src\ofApp.cpp)
c:\users\dbisig\programming\of_v0.11.2\addons\ofxdabbase\src\dab_index_map.h(176): warning C4290: C++ exception specification ignored except to indicate a function is not __declspec(nothrow) (compiling source file src\ofApp.cpp)
c:\users\dbisig\programming\of_v0.11.2\addons\ofxdabbase\src\dab_index_map.h(184): warning C4290: C++ exception specification ignored except to indicate a function is not __declspec(nothrow) (compiling source file src\ofApp.cpp)
c:\users\dbisig\programming\of_v0.11.2\addons\ofxdabbase\src\dab_index_map.h(194): warning C4290: C++ exception specification ignored except to indicate a function is not __declspec(nothrow) (compiling source file src\ofApp.cpp)
c:\users\dbisig\programming\of_v0.11.2\addons\ofxdabbase\src\dab_index_map.h(202): warning C4290: C++ exception specification ignored except to indicate a function is not __declspec(nothrow) (compiling source file src\ofApp.cpp)
c:\users\dbisig\programming\of_v0.11.2\addons\ofxdabbase\src\dab_index_map.h(209): warning C4290: C++ exception specification ignored except to indicate a function is not __declspec(nothrow) (compiling source file src\ofApp.cpp)
c:\users\dbisig\programming\of_v0.11.2\addons\ofxdabbase\src\dab_index_map.h(216): warning C4290: C++ exception specification ignored except to indicate a function is not __declspec(nothrow) (compiling source file src\ofApp.cpp)
c:\users\dbisig\programming\of_v0.11.2\addons\ofxdabbase\src\dab_index_map.h(329): warning C4290: C++ exception specification ignored except to indicate a function is not __declspec(nothrow) (compiling source file src\ofApp.cpp)
c:\users\dbisig\programming\of_v0.11.2\addons\ofxdabbase\src\dab_index_map.h(340): warning C4290: C++ exception specification ignored except to indicate a function is not __declspec(nothrow) (compiling source file src\ofApp.cpp)
c:\users\dbisig\programming\of_v0.11.2\addons\ofxdabbase\src\dab_index_map.h(348): warning C4290: C++ exception specification ignored except to indicate a function is not __declspec(nothrow) (compiling source file src\ofApp.cpp)
c:\users\dbisig\programming\of_v0.11.2\addons\ofxdabbase\src\dab_index_map.h(356): warning C4290: C++ exception specification ignored except to indicate a function is not __declspec(nothrow) (compiling source file src\ofApp.cpp)
c:\users\dbisig\programming\of_v0.11.2\addons\ofxdabbase\src\dab_index_map.h(364): warning C4290: C++ exception specification ignored except to indicate a function is not __declspec(nothrow) (compiling source file src\ofApp.cpp)
c:\users\dbisig\programming\of_v0.11.2\addons\ofxdabbase\src\dab_index_map.h(372): warning C4290: C++ exception specification ignored except to indicate a function is not __declspec(nothrow) (compiling source file src\ofApp.cpp)
c:\users\dbisig\programming\of_v0.11.2\addons\ofxdabbase\src\dab_index_map.h(380): warning C4290: C++ exception specification ignored except to indicate a function is not __declspec(nothrow) (compiling source file src\ofApp.cpp)
c:\users\dbisig\programming\of_v0.11.2\addons\ofxdabbase\src\dab_index_map.h(388): warning C4290: C++ exception specification ignored except to indicate a function is not __declspec(nothrow) (compiling source file src\ofApp.cpp)
c:\users\dbisig\programming\of_v0.11.2\addons\ofxdabbase\src\dab_index_map.h(396): warning C4290: C++ exception specification ignored except to indicate a function is not __declspec(nothrow) (compiling source file src\ofApp.cpp)
c:\users\dbisig\programming\of_v0.11.2\addons\ofxdabbase\src\dab_index_map.h(407): warning C4290: C++ exception specification ignored except to indicate a function is not __declspec(nothrow) (compiling source file src\ofApp.cpp)
c:\users\dbisig\programming\of_v0.11.2\addons\ofxdabbase\src\dab_index_map.h(418): warning C4290: C++ exception specification ignored except to indicate a function is not __declspec(nothrow) (compiling source file src\ofApp.cpp)
c:\users\dbisig\programming\of_v0.11.2\addons\ofxdabbase\src\dab_index_map.h(431): warning C4290: C++ exception specification ignored except to indicate a function is not __declspec(nothrow) (compiling source file src\ofApp.cpp)
c:\users\dbisig\programming\of_v0.11.2\addons\ofxdabbase\src\dab_index_map.h(450): warning C4290: C++ exception specification ignored except to indicate a function is not __declspec(nothrow) (compiling source file src\ofApp.cpp)
c:\users\dbisig\programming\of_v0.11.2\addons\ofxdabbase\src\dab_index_map.h(471): warning C4290: C++ exception specification ignored except to indicate a function is not __declspec(nothrow) (compiling source file src\ofApp.cpp)
c:\users\dbisig\programming\of_v0.11.2\addons\ofxdabbase\src\dab_index_map.h(485): warning C4290: C++ exception specification ignored except to indicate a function is not __declspec(nothrow) (compiling source file src\ofApp.cpp)
c:\users\dbisig\programming\of_v0.11.2\addons\ofxdabbase\src\dab_index_map.h(501): warning C4290: C++ exception specification ignored except to indicate a function is not __declspec(nothrow) (compiling source file src\ofApp.cpp)
c:\users\dbisig\programming\of_v0.11.2\addons\ofxdabbase\src\dab_index_map.h(518): warning C4290: C++ exception specification ignored except to indicate a function is not __declspec(nothrow) (compiling source file src\ofApp.cpp)
c:\users\dbisig\programming\of_v0.11.2\addons\ofxdabbase\src\dab_index_map.h(539): warning C4290: C++ exception specification ignored except to indicate a function is not __declspec(nothrow) (compiling source file src\ofApp.cpp)
c:\users\dbisig\programming\of_v0.11.2\addons\ofxdabbase\src\dab_array.h(79): warning C4290: C++ exception specification ignored except to indicate a function is not __declspec(nothrow) (compiling source file src\ofApp.cpp)
  c:\users\dbisig\programming\of_v0.11.2\addons\ofxdabbase\src\dab_array.h(107): note: see reference to class template instantiation 'dab::Array<Type>' being compiled (compiling source file src\ofApp.cpp)
c:\users\dbisig\programming\of_v0.11.2\addons\ofxdabbase\src\dab_array.h(86): warning C4290: C++ exception specification ignored except to indicate a function is not __declspec(nothrow) (compiling source file src\ofApp.cpp)
c:\users\dbisig\programming\of_v0.11.2\addons\ofxdabbase\src\dab_array.h(87): warning C4290: C++ exception specification ignored except to indicate a function is not __declspec(nothrow) (compiling source file src\ofApp.cpp)
c:\users\dbisig\programming\of_v0.11.2\addons\ofxdabbase\src\dab_array.h(242): warning C4290: C++ exception specification ignored except to indicate a function is not __declspec(nothrow) (compiling source file src\ofApp.cpp)
c:\users\dbisig\programming\of_v0.11.2\addons\ofxdabbase\src\dab_array.h(306): warning C4290: C++ exception specification ignored except to indicate a function is not __declspec(nothrow) (compiling source file src\ofApp.cpp)
c:\users\dbisig\programming\of_v0.11.2\addons\ofxdabbase\src\dab_array.h(315): warning C4290: C++ exception specification ignored except to indicate a function is not __declspec(nothrow) (compiling source file src\ofApp.cpp)
c:\users\dbisig\programming\of_v0.11.2\addons\ofxdabbase\example\src\ofapp.cpp(32): warning C4267: 'initializing': conversion from 'size_t' to 'int', possible loss of data
c:\users\dbisig\programming\of_v0.11.2\addons\ofxdabbase\src\dab_array.h(143): warning C4267: 'argument': conversion from 'size_t' to 'unsigned int', possible loss of data (compiling source file src\ofApp.cpp)
  c:\users\dbisig\programming\of_v0.11.2\addons\ofxdabbase\src\dab_array.h(142): note: while compiling class template member function 'dab::Array<int>::Array(const std::initializer_list<int> &)' (compiling source file src\ofApp.cpp)
  c:\users\dbisig\programming\of_v0.11.2\addons\ofxdabbase\example\src\ofapp.cpp(55): note: see reference to function template instantiation 'dab::Array<int>::Array(const std::initializer_list<int> &)' being compiled
  c:\users\dbisig\programming\of_v0.11.2\addons\ofxdabbase\example\src\ofapp.cpp(55): note: see reference to class template instantiation 'dab::Array<int>' being compiled
c:\users\dbisig\programming\of_v0.11.2\addons\ofxdabbase\src\dab_array.h(212): warning C4018: '<': signed/unsigned mismatch (compiling source file src\ofApp.cpp)
  c:\users\dbisig\programming\of_v0.11.2\addons\ofxdabbase\src\dab_array.h(201): note: while compiling class template member function 'void dab::Array<int>::setSize(unsigned int)' (compiling source file src\ofApp.cpp)
c:\users\dbisig\programming\of_v0.11.2\addons\ofxdabbase\src\dab_array.h(327): warning C4018: '<': signed/unsigned mismatch (compiling source file src\ofApp.cpp)
  c:\users\dbisig\programming\of_v0.11.2\addons\ofxdabbase\src\dab_array.h(325): note: while compiling class template member function 'bool dab::Array<int>::operator ==(const dab::Array<int> &) const' (compiling source file src\ofApp.cpp)
  c:\users\dbisig\programming\of_v0.11.2\addons\ofxdabbase\example\src\ofapp.cpp(62): note: see reference to function template instantiation 'bool dab::Array<int>::operator ==(const dab::Array<int> &) const' being compiled
c:\users\dbisig\programming\of_v0.11.2\addons\ofxdabbase\src\dab_array.h(152): warning C4267: '=': conversion from 'size_t' to 'unsigned int', possible loss of data (compiling source file src\ofApp.cpp)
  c:\users\dbisig\programming\of_v0.11.2\addons\ofxdabbase\src\dab_array.h(151): note: while compiling class template member function 'dab::Array<int>::Array(const ofBuffer &)' (compiling source file src\ofApp.cpp)
  c:\users\dbisig\programming\of_v0.11.2\addons\ofxdabbase\src\dab_array.h(237): note: see reference to function template instantiation 'dab::Array<int>::Array(const ofBuffer &)' being compiled (compiling source file src\ofApp.cpp)
  c:\users\dbisig\programming\of_v0.11.2\addons\ofxdabbase\src\dab_array.h(142): note: while compiling class template member function 'dab::Array<int>::Array(const std::initializer_list<int> &)' (compiling source file src\ofApp.cpp)
  c:\users\dbisig\programming\of_v0.11.2\addons\ofxdabbase\example\src\ofapp.cpp(55): note: see reference to function template instantiation 'dab::Array<int>::Array(const std::initializer_list<int> &)' being compiled
c:\users\dbisig\programming\of_v0.11.2\addons\ofxdabbase\src\dab_array.h(271): warning C4018: '<': signed/unsigned mismatch (compiling source file src\ofApp.cpp)
  c:\users\dbisig\programming\of_v0.11.2\addons\ofxdabbase\src\dab_array.h(267): note: while compiling class template member function 'const dab::Array<int> &dab::Array<int>::operator =(const dab::Array<int> &)' (compiling source file src\ofApp.cpp)
  c:\users\dbisig\programming\of_v0.11.2\addons\ofxdabbase\src\dab_array.h(259): note: see reference to function template instantiation 'const dab::Array<int> &dab::Array<int>::operator =(const dab::Array<int> &)' being compiled (compiling source file src\ofApp.cpp)
c:\users\dbisig\programming\of_v0.11.2\addons\ofxdabbase\src\dab_value.h(218): warning C4715: 'dab::Value<MyNotifyingClass *>::operator=': not all control paths return a value
  dab_array.cpp
  dab_buffer.cpp
  dab_exception.cpp
  dab_file_io.cpp
  dab_listener.cpp
  dab_parameter.cpp
  dab_singleton.cpp
  dab_tokenizer.cpp
  dab_value.cpp
c:\users\dbisig\programming\of_v0.11.2\addons\ofxdabbase\src\dab_file_io.h(18): warning C4290: C++ exception specification ignored except to indicate a function is not __declspec(nothrow) (compiling source file ..\..\..\addons\ofxDabBase\src\dab_file_io.cpp)
c:\users\dbisig\programming\of_v0.11.2\addons\ofxdabbase\src\dab_file_io.h(19): warning C4290: C++ exception specification ignored except to indicate a function is not __declspec(nothrow) (compiling source file ..\..\..\addons\ofxDabBase\src\dab_file_io.cpp)
c:\users\dbisig\programming\of_v0.11.2\addons\ofxdabbase\src\dab_file_io.cpp(17): warning C4290: C++ exception specification ignored except to indicate a function is not __declspec(nothrow)
c:\users\dbisig\programming\of_v0.11.2\addons\ofxdabbase\src\dab_file_io.cpp(29): warning C4290: C++ exception specification ignored except to indicate a function is not __declspec(nothrow)
c:\users\dbisig\programming\of_v0.11.2\addons\ofxdabbase\src\dab_value.h(13): warning C4068: unknown pragma (compiling source file ..\..\..\addons\ofxDabBase\src\dab_value.cpp)
c:\users\dbisig\programming\of_v0.11.2\addons\ofxdabbase\src\dab_value.h(22): warning C4290: C++ exception specification ignored except to indicate a function is not __declspec(nothrow) (compiling source file ..\..\..\addons\ofxDabBase\src\dab_value.cpp)
c:\users\dbisig\programming\of_v0.11.2\addons\ofxdabbase\src\dab_value.h(30): warning C4290: C++ exception specification ignored except to indicate a function is not __declspec(nothrow) (compiling source file ..\..\..\addons\ofxDabBase\src\dab_value.cpp)
c:\users\dbisig\programming\of_v0.11.2\addons\ofxdabbase\src\dab_value.h(31): warning C4290: C++ exception specification ignored except to indicate a function is not __declspec(nothrow) (compiling source file ..\..\..\addons\ofxDabBase\src\dab_value.cpp)
c:\users\dbisig\programming\of_v0.11.2\addons\ofxdabbase\src\dab_value.h(32): warning C4290: C++ exception specification ignored except to indicate a function is not __declspec(nothrow) (compiling source file ..\..\..\addons\ofxDabBase\src\dab_value.cpp)
c:\users\dbisig\programming\of_v0.11.2\addons\ofxdabbase\src\dab_value.h(33): warning C4290: C++ exception specification ignored except to indicate a function is not __declspec(nothrow) (compiling source file ..\..\..\addons\ofxDabBase\src\dab_value.cpp)
c:\users\dbisig\programming\of_v0.11.2\addons\ofxdabbase\src\dab_value.h(35): warning C4290: C++ exception specification ignored except to indicate a function is not __declspec(nothrow) (compiling source file ..\..\..\addons\ofxDabBase\src\dab_value.cpp)
c:\users\dbisig\programming\of_v0.11.2\addons\ofxdabbase\src\dab_value.h(51): warning C4068: unknown pragma (compiling source file ..\..\..\addons\ofxDabBase\src\dab_value.cpp)
c:\users\dbisig\programming\of_v0.11.2\addons\ofxdabbase\src\dab_value.h(62): warning C4290: C++ exception specification ignored except to indicate a function is not __declspec(nothrow) (compiling source file ..\..\..\addons\ofxDabBase\src\dab_value.cpp)
  c:\users\dbisig\programming\of_v0.11.2\addons\ofxdabbase\src\dab_value.h(82): note: see reference to class template instantiation 'dab::Value<Type>' being compiled (compiling source file ..\..\..\addons\ofxDabBase\src\dab_value.cpp)
c:\users\dbisig\programming\of_v0.11.2\addons\ofxdabbase\src\dab_value.h(93): warning C4290: C++ exception specification ignored except to indicate a function is not __declspec(nothrow) (compiling source file ..\..\..\addons\ofxDabBase\src\dab_value.cpp)
  c:\users\dbisig\programming\of_v0.11.2\addons\ofxdabbase\src\dab_value.h(105): note: see reference to class template instantiation 'dab::Value<std::array<Type,Dim>>' being compiled (compiling source file ..\..\..\addons\ofxDabBase\src\dab_value.cpp)
c:\users\dbisig\programming\of_v0.11.2\addons\ofxdabbase\src\dab_value.h(107): warning C4068: unknown pragma (compiling source file ..\..\..\addons\ofxDabBase\src\dab_value.cpp)
c:\users\dbisig\programming\of_v0.11.2\addons\ofxdabbase\src\dab_value.h(132): warning C4290: C++ exception specification ignored except to indicate a function is not __declspec(nothrow) (compiling source file ..\..\..\addons\ofxDabBase\src\dab_value.cpp)
c:\users\dbisig\programming\of_v0.11.2\addons\ofxdabbase\src\dab_value.h(141): warning C4290: C++ exception specification ignored except to indicate a function is not __declspec(nothrow) (compiling source file ..\..\..\addons\ofxDabBase\src\dab_value.cpp)
c:\users\dbisig\programming\of_v0.11.2\addons\ofxdabbase\src\dab_value.h(150): warning C4290: C++ exception specification ignored except to indicate a function is not __declspec(nothrow) (compiling source file ..\..\..\addons\ofxDabBase\src\dab_value.cpp)
c:\users\dbisig\programming\of_v0.11.2\addons\ofxdabbase\src\dab_value.h(159): warning C4290: C++ exception specification ignored except to indicate a function is not __declspec(nothrow) (compiling source file ..\..\..\addons\ofxDabBase\src\dab_value.cpp)
c:\users\dbisig\programming\of_v0.11.2\addons\ofxdabbase\src\dab_value.h(168): warning C4290: C++ exception specification ignored except to indicate a function is not __declspec(nothrow) (compiling source file ..\..\..\addons\ofxDabBase\src\dab_value.cpp)
c:\users\dbisig\programming\of_v0.11.2\addons\ofxdabbase\src\dab_value.h(175): warning C4068: unknown pragma (compiling source file ..\..\..\addons\ofxDabBase\src\dab_value.cpp)
c:\users\dbisig\programming\of_v0.11.2\addons\ofxdabbase\src\dab_value.h(200): warning C4290: C++ exception specification ignored except to indicate a function is not __declspec(nothrow) (compiling source file ..\..\..\addons\ofxDabBase\src\dab_value.cpp)
c:\users\dbisig\programming\of_v0.11.2\addons\ofxdabbase\src\dab_value.h(318): warning C4290: C++ exception specification ignored except to indicate a function is not __declspec(nothrow) (compiling source file ..\..\..\addons\ofxDabBase\src\dab_value.cpp)
c:\users\dbisig\programming\of_v0.11.2\addons\ofxdabbase\src\dab_exception.cpp(60): warning C4267: 'initializing': conversion from 'size_t' to 'int', possible loss of data
c:\users\dbisig\programming\of_v0.11.2\addons\ofxdabbase\src\dab_value.h(13): warning C4068: unknown pragma (compiling source file ..\..\..\addons\ofxDabBase\src\dab_listener.cpp)
c:\users\dbisig\programming\of_v0.11.2\addons\ofxdabbase\src\dab_value.h(22): warning C4290: C++ exception specification ignored except to indicate a function is not __declspec(nothrow) (compiling source file ..\..\..\addons\ofxDabBase\src\dab_listener.cpp)
c:\users\dbisig\programming\of_v0.11.2\addons\ofxdabbase\src\dab_value.h(30): warning C4290: C++ exception specification ignored except to indicate a function is not __declspec(nothrow) (compiling source file ..\..\..\addons\ofxDabBase\src\dab_listener.cpp)
c:\users\dbisig\programming\of_v0.11.2\addons\ofxdabbase\src\dab_value.h(31): warning C4290: C++ exception specification ignored except to indicate a function is not __declspec(nothrow) (compiling source file ..\..\..\addons\ofxDabBase\src\dab_listener.cpp)
c:\users\dbisig\programming\of_v0.11.2\addons\ofxdabbase\src\dab_value.h(32): warning C4290: C++ exception specification ignored except to indicate a function is not __declspec(nothrow) (compiling source file ..\..\..\addons\ofxDabBase\src\dab_listener.cpp)
c:\users\dbisig\programming\of_v0.11.2\addons\ofxdabbase\src\dab_value.h(33): warning C4290: C++ exception specification ignored except to indicate a function is not __declspec(nothrow) (compiling source file ..\..\..\addons\ofxDabBase\src\dab_listener.cpp)
c:\users\dbisig\programming\of_v0.11.2\addons\ofxdabbase\src\dab_value.h(35): warning C4290: C++ exception specification ignored except to indicate a function is not __declspec(nothrow) (compiling source file ..\..\..\addons\ofxDabBase\src\dab_listener.cpp)
c:\users\dbisig\programming\of_v0.11.2\addons\ofxdabbase\src\dab_value.h(51): warning C4068: unknown pragma (compiling source file ..\..\..\addons\ofxDabBase\src\dab_listener.cpp)
c:\users\dbisig\programming\of_v0.11.2\addons\ofxdabbase\src\dab_value.h(62): warning C4290: C++ exception specification ignored except to indicate a function is not __declspec(nothrow) (compiling source file ..\..\..\addons\ofxDabBase\src\dab_listener.cpp)
  c:\users\dbisig\programming\of_v0.11.2\addons\ofxdabbase\src\dab_value.h(82): note: see reference to class template instantiation 'dab::Value<Type>' being compiled (compiling source file ..\..\..\addons\ofxDabBase\src\dab_listener.cpp)
c:\users\dbisig\programming\of_v0.11.2\addons\ofxdabbase\src\dab_value.h(93): warning C4290: C++ exception specification ignored except to indicate a function is not __declspec(nothrow) (compiling source file ..\..\..\addons\ofxDabBase\src\dab_listener.cpp)
  c:\users\dbisig\programming\of_v0.11.2\addons\ofxdabbase\src\dab_value.h(105): note: see reference to class template instantiation 'dab::Value<std::array<Type,Dim>>' being compiled (compiling source file ..\..\..\addons\ofxDabBase\src\dab_listener.cpp)
c:\users\dbisig\programming\of_v0.11.2\addons\ofxdabbase\src\dab_value.h(107): warning C4068: unknown pragma (compiling source file ..\..\..\addons\ofxDabBase\src\dab_listener.cpp)
c:\users\dbisig\programming\of_v0.11.2\addons\ofxdabbase\src\dab_value.h(132): warning C4290: C++ exception specification ignored except to indicate a function is not __declspec(nothrow) (compiling source file ..\..\..\addons\ofxDabBase\src\dab_listener.cpp)
c:\users\dbisig\programming\of_v0.11.2\addons\ofxdabbase\src\dab_value.h(141): warning C4290: C++ exception specification ignored except to indicate a function is not __declspec(nothrow) (compiling source file ..\..\..\addons\ofxDabBase\src\dab_listener.cpp)
c:\users\dbisig\programming\of_v0.11.2\addons\ofxdabbase\src\dab_value.h(150): warning C4290: C++ exception specification ignored except to indicate a function is not __declspec(nothrow) (compiling source file ..\..\..\addons\ofxDabBase\src\dab_listener.cpp)
c:\users\dbisig\programming\of_v0.11.2\addons\ofxdabbase\src\dab_value.h(159): warning C4290: C++ exception specification ignored except to indicate a function is not __declspec(nothrow) (compiling source file ..\..\..\addons\ofxDabBase\src\dab_listener.cpp)
c:\users\dbisig\programming\of_v0.11.2\addons\ofxdabbase\src\dab_value.h(168): warning C4290: C++ exception specification ignored except to indicate a function is not __declspec(nothrow) (compiling source file ..\..\..\addons\ofxDabBase\src\dab_listener.cpp)
c:\users\dbisig\programming\of_v0.11.2\addons\ofxdabbase\src\dab_value.h(175): warning C4068: unknown pragma (compiling source file ..\..\..\addons\ofxDabBase\src\dab_listener.cpp)
c:\users\dbisig\programming\of_v0.11.2\addons\ofxdabbase\src\dab_value.h(200): warning C4290: C++ exception specification ignored except to indicate a function is not __declspec(nothrow) (compiling source file ..\..\..\addons\ofxDabBase\src\dab_listener.cpp)
c:\users\dbisig\programming\of_v0.11.2\addons\ofxdabbase\src\dab_value.h(318): warning C4290: C++ exception specification ignored except to indicate a function is not __declspec(nothrow) (compiling source file ..\..\..\addons\ofxDabBase\src\dab_listener.cpp)
c:\users\dbisig\programming\of_v0.11.2\addons\ofxdabbase\src\dab_listener.h(15): warning C4068: unknown pragma (compiling source file ..\..\..\addons\ofxDabBase\src\dab_listener.cpp)
c:\users\dbisig\programming\of_v0.11.2\addons\ofxdabbase\src\dab_listener.h(29): warning C4068: unknown pragma (compiling source file ..\..\..\addons\ofxDabBase\src\dab_listener.cpp)
c:\users\dbisig\programming\of_v0.11.2\addons\ofxdabbase\src\dab_value.h(13): warning C4068: unknown pragma (compiling source file ..\..\..\addons\ofxDabBase\src\dab_parameter.cpp)
c:\users\dbisig\programming\of_v0.11.2\addons\ofxdabbase\src\dab_listener.cpp(8): warning C4068: unknown pragma
c:\users\dbisig\programming\of_v0.11.2\addons\ofxdabbase\src\dab_value.h(22): warning C4290: C++ exception specification ignored except to indicate a function is not __declspec(nothrow) (compiling source file ..\..\..\addons\ofxDabBase\src\dab_parameter.cpp)
c:\users\dbisig\programming\of_v0.11.2\addons\ofxdabbase\src\dab_value.h(30): warning C4290: C++ exception specification ignored except to indicate a function is not __declspec(nothrow) (compiling source file ..\..\..\addons\ofxDabBase\src\dab_parameter.cpp)
c:\users\dbisig\programming\of_v0.11.2\addons\ofxdabbase\src\dab_value.h(31): warning C4290: C++ exception specification ignored except to indicate a function is not __declspec(nothrow) (compiling source file ..\..\..\addons\ofxDabBase\src\dab_parameter.cpp)
c:\users\dbisig\programming\of_v0.11.2\addons\ofxdabbase\src\dab_value.h(32): warning C4290: C++ exception specification ignored except to indicate a function is not __declspec(nothrow) (compiling source file ..\..\..\addons\ofxDabBase\src\dab_parameter.cpp)
c:\users\dbisig\programming\of_v0.11.2\addons\ofxdabbase\src\dab_value.h(33): warning C4290: C++ exception specification ignored except to indicate a function is not __declspec(nothrow) (compiling source file ..\..\..\addons\ofxDabBase\src\dab_parameter.cpp)
c:\users\dbisig\programming\of_v0.11.2\addons\ofxdabbase\src\dab_value.h(35): warning C4290: C++ exception specification ignored except to indicate a function is not __declspec(nothrow) (compiling source file ..\..\..\addons\ofxDabBase\src\dab_parameter.cpp)
c:\users\dbisig\programming\of_v0.11.2\addons\ofxdabbase\src\dab_value.h(51): warning C4068: unknown pragma (compiling source file ..\..\..\addons\ofxDabBase\src\dab_parameter.cpp)
c:\users\dbisig\programming\of_v0.11.2\addons\ofxdabbase\src\dab_value.h(62): warning C4290: C++ exception specification ignored except to indicate a function is not __declspec(nothrow) (compiling source file ..\..\..\addons\ofxDabBase\src\dab_parameter.cpp)
  c:\users\dbisig\programming\of_v0.11.2\addons\ofxdabbase\src\dab_value.h(82): note: see reference to class template instantiation 'dab::Value<Type>' being compiled (compiling source file ..\..\..\addons\ofxDabBase\src\dab_parameter.cpp)
c:\users\dbisig\programming\of_v0.11.2\addons\ofxdabbase\src\dab_listener.cpp(14): warning C4267: 'initializing': conversion from 'size_t' to 'int', possible loss of data
c:\users\dbisig\programming\of_v0.11.2\addons\ofxdabbase\src\dab_value.h(93): warning C4290: C++ exception specification ignored except to indicate a function is not __declspec(nothrow) (compiling source file ..\..\..\addons\ofxDabBase\src\dab_parameter.cpp)
  c:\users\dbisig\programming\of_v0.11.2\addons\ofxdabbase\src\dab_value.h(105): note: see reference to class template instantiation 'dab::Value<std::array<Type,Dim>>' being compiled (compiling source file ..\..\..\addons\ofxDabBase\src\dab_parameter.cpp)
c:\users\dbisig\programming\of_v0.11.2\addons\ofxdabbase\src\dab_value.h(107): warning C4068: unknown pragma (compiling source file ..\..\..\addons\ofxDabBase\src\dab_parameter.cpp)
c:\users\dbisig\programming\of_v0.11.2\addons\ofxdabbase\src\dab_value.h(132): warning C4290: C++ exception specification ignored except to indicate a function is not __declspec(nothrow) (compiling source file ..\..\..\addons\ofxDabBase\src\dab_parameter.cpp)
c:\users\dbisig\programming\of_v0.11.2\addons\ofxdabbase\src\dab_value.h(141): warning C4290: C++ exception specification ignored except to indicate a function is not __declspec(nothrow) (compiling source file ..\..\..\addons\ofxDabBase\src\dab_parameter.cpp)
c:\users\dbisig\programming\of_v0.11.2\addons\ofxdabbase\src\dab_value.h(150): warning C4290: C++ exception specification ignored except to indicate a function is not __declspec(nothrow) (compiling source file ..\..\..\addons\ofxDabBase\src\dab_parameter.cpp)
c:\users\dbisig\programming\of_v0.11.2\addons\ofxdabbase\src\dab_value.h(159): warning C4290: C++ exception specification ignored except to indicate a function is not __declspec(nothrow) (compiling source file ..\..\..\addons\ofxDabBase\src\dab_parameter.cpp)
c:\users\dbisig\programming\of_v0.11.2\addons\ofxdabbase\src\dab_value.h(168): warning C4290: C++ exception specification ignored except to indicate a function is not __declspec(nothrow) (compiling source file ..\..\..\addons\ofxDabBase\src\dab_parameter.cpp)
c:\users\dbisig\programming\of_v0.11.2\addons\ofxdabbase\src\dab_listener.cpp(33): warning C4267: 'initializing': conversion from 'size_t' to 'int', possible loss of data
c:\users\dbisig\programming\of_v0.11.2\addons\ofxdabbase\src\dab_value.h(175): warning C4068: unknown pragma (compiling source file ..\..\..\addons\ofxDabBase\src\dab_parameter.cpp)
c:\users\dbisig\programming\of_v0.11.2\addons\ofxdabbase\src\dab_value.h(200): warning C4290: C++ exception specification ignored except to indicate a function is not __declspec(nothrow) (compiling source file ..\..\..\addons\ofxDabBase\src\dab_parameter.cpp)
c:\users\dbisig\programming\of_v0.11.2\addons\ofxdabbase\src\dab_value.h(318): warning C4290: C++ exception specification ignored except to indicate a function is not __declspec(nothrow) (compiling source file ..\..\..\addons\ofxDabBase\src\dab_parameter.cpp)
c:\users\dbisig\programming\of_v0.11.2\addons\ofxdabbase\src\dab_listener.cpp(61): warning C4267: 'initializing': conversion from 'size_t' to 'int', possible loss of data
c:\users\dbisig\programming\of_v0.11.2\addons\ofxdabbase\src\dab_parameter.h(16): warning C4068: unknown pragma (compiling source file ..\..\..\addons\ofxDabBase\src\dab_parameter.cpp)
c:\users\dbisig\programming\of_v0.11.2\addons\ofxdabbase\src\dab_listener.cpp(68): warning C4068: unknown pragma
c:\users\dbisig\programming\of_v0.11.2\addons\ofxdabbase\src\dab_parameter.h(24): warning C4068: unknown pragma (compiling source file ..\..\..\addons\ofxDabBase\src\dab_parameter.cpp)
c:\users\dbisig\programming\of_v0.11.2\addons\ofxdabbase\src\dab_parameter.h(34): warning C4290: C++ exception specification ignored except to indicate a function is not __declspec(nothrow) (compiling source file ..\..\..\addons\ofxDabBase\src\dab_parameter.cpp)
c:\users\dbisig\programming\of_v0.11.2\addons\ofxdabbase\src\dab_parameter.h(46): warning C4290: C++ exception specification ignored except to indicate a function is not __declspec(nothrow) (compiling source file ..\..\..\addons\ofxDabBase\src\dab_parameter.cpp)
c:\users\dbisig\programming\of_v0.11.2\addons\ofxdabbase\src\dab_parameter.h(47): warning C4290: C++ exception specification ignored except to indicate a function is not __declspec(nothrow) (compiling source file ..\..\..\addons\ofxDabBase\src\dab_parameter.cpp)
c:\users\dbisig\programming\of_v0.11.2\addons\ofxdabbase\src\dab_parameter.h(49): warning C4290: C++ exception specification ignored except to indicate a function is not __declspec(nothrow) (compiling source file ..\..\..\addons\ofxDabBase\src\dab_parameter.cpp)
c:\users\dbisig\programming\of_v0.11.2\addons\ofxdabbase\src\dab_parameter.h(50): warning C4290: C++ exception specification ignored except to indicate a function is not __declspec(nothrow) (compiling source file ..\..\..\addons\ofxDabBase\src\dab_parameter.cpp)
c:\users\dbisig\programming\of_v0.11.2\addons\ofxdabbase\src\dab_parameter.h(51): warning C4290: C++ exception specification ignored except to indicate a function is not __declspec(nothrow) (compiling source file ..\..\..\addons\ofxDabBase\src\dab_parameter.cpp)
c:\users\dbisig\programming\of_v0.11.2\addons\ofxdabbase\src\dab_parameter.h(52): warning C4290: C++ exception specification ignored except to indicate a function is not __declspec(nothrow) (compiling source file ..\..\..\addons\ofxDabBase\src\dab_parameter.cpp)
c:\users\dbisig\programming\of_v0.11.2\addons\ofxdabbase\src\dab_parameter.h(54): warning C4290: C++ exception specification ignored except to indicate a function is not __declspec(nothrow) (compiling source file ..\..\..\addons\ofxDabBase\src\dab_parameter.cpp)
c:\users\dbisig\programming\of_v0.11.2\addons\ofxdabbase\src\dab_parameter.h(55): warning C4290: C++ exception specification ignored except to indicate a function is not __declspec(nothrow) (compiling source file ..\..\..\addons\ofxDabBase\src\dab_parameter.cpp)
c:\users\dbisig\programming\of_v0.11.2\addons\ofxdabbase\src\dab_parameter.h(56): warning C4290: C++ exception specification ignored except to indicate a function is not __declspec(nothrow) (compiling source file ..\..\..\addons\ofxDabBase\src\dab_parameter.cpp)
c:\users\dbisig\programming\of_v0.11.2\addons\ofxdabbase\src\dab_parameter.h(57): warning C4290: C++ exception specification ignored except to indicate a function is not __declspec(nothrow) (compiling source file ..\..\..\addons\ofxDabBase\src\dab_parameter.cpp)
c:\users\dbisig\programming\of_v0.11.2\addons\ofxdabbase\src\dab_parameter.h(60): warning C4290: C++ exception specification ignored except to indicate a function is not __declspec(nothrow) (compiling source file ..\..\..\addons\ofxDabBase\src\dab_parameter.cpp)
c:\users\dbisig\programming\of_v0.11.2\addons\ofxdabbase\src\dab_parameter.h(61): warning C4290: C++ exception specification ignored except to indicate a function is not __declspec(nothrow) (compiling source file ..\..\..\addons\ofxDabBase\src\dab_parameter.cpp)
c:\users\dbisig\programming\of_v0.11.2\addons\ofxdabbase\src\dab_parameter.h(62): warning C4290: C++ exception specification ignored except to indicate a function is not __declspec(nothrow) (compiling source file ..\..\..\addons\ofxDabBase\src\dab_parameter.cpp)
c:\users\dbisig\programming\of_v0.11.2\addons\ofxdabbase\src\dab_parameter.h(87): warning C4068: unknown pragma (compiling source file ..\..\..\addons\ofxDabBase\src\dab_parameter.cpp)
c:\users\dbisig\programming\of_v0.11.2\addons\ofxdabbase\src\dab_parameter.h(101): warning C4290: C++ exception specification ignored except to indicate a function is not __declspec(nothrow) (compiling source file ..\..\..\addons\ofxDabBase\src\dab_parameter.cpp)
  c:\users\dbisig\programming\of_v0.11.2\addons\ofxdabbase\src\dab_parameter.h(128): note: see reference to class template instantiation 'dab::Parameter<DataType>' being compiled (compiling source file ..\..\..\addons\ofxDabBase\src\dab_parameter.cpp)
c:\users\dbisig\programming\of_v0.11.2\addons\ofxdabbase\src\dab_parameter.h(105): warning C4290: C++ exception specification ignored except to indicate a function is not __declspec(nothrow) (compiling source file ..\..\..\addons\ofxDabBase\src\dab_parameter.cpp)
c:\users\dbisig\programming\of_v0.11.2\addons\ofxdabbase\src\dab_parameter.h(106): warning C4290: C++ exception specification ignored except to indicate a function is not __declspec(nothrow) (compiling source file ..\..\..\addons\ofxDabBase\src\dab_parameter.cpp)
c:\users\dbisig\programming\of_v0.11.2\addons\ofxdabbase\src\dab_parameter.h(107): warning C4290: C++ exception specification ignored except to indicate a function is not __declspec(nothrow) (compiling source file ..\..\..\addons\ofxDabBase\src\dab_parameter.cpp)
c:\users\dbisig\programming\of_v0.11.2\addons\ofxdabbase\src\dab_parameter.h(108): warning C4290: C++ exception specification ignored except to indicate a function is not __declspec(nothrow) (compiling source file ..\..\..\addons\ofxDabBase\src\dab_parameter.cpp)
c:\users\dbisig\programming\of_v0.11.2\addons\ofxdabbase\src\dab_parameter.h(110): warning C4290: C++ exception specification ignored except to indicate a function is not __declspec(nothrow) (compiling source file ..\..\..\addons\ofxDabBase\src\dab_parameter.cpp)
c:\users\dbisig\programming\of_v0.11.2\addons\ofxdabbase\src\dab_parameter.h(111): warning C4290: C++ exception specification ignored except to indicate a function is not __declspec(nothrow) (compiling source file ..\..\..\addons\ofxDabBase\src\dab_parameter.cpp)
c:\users\dbisig\programming\of_v0.11.2\addons\ofxdabbase\src\dab_parameter.h(112): warning C4290: C++ exception specification ignored except to indicate a function is not __declspec(nothrow) (compiling source file ..\..\..\addons\ofxDabBase\src\dab_parameter.cpp)
c:\users\dbisig\programming\of_v0.11.2\addons\ofxdabbase\src\dab_parameter.h(113): warning C4290: C++ exception specification ignored except to indicate a function is not __declspec(nothrow) (compiling source file ..\..\..\addons\ofxDabBase\src\dab_parameter.cpp)
c:\users\dbisig\programming\of_v0.11.2\addons\ofxdabbase\src\dab_parameter.h(115): warning C4290: C++ exception specification ignored except to indicate a function is not __declspec(nothrow) (compiling source file ..\..\..\addons\ofxDabBase\src\dab_parameter.cpp)
c:\users\dbisig\programming\of_v0.11.2\addons\ofxdabbase\src\dab_parameter.h(116): warning C4290: C++ exception specification ignored except to indicate a function is not __declspec(nothrow) (compiling source file ..\..\..\addons\ofxDabBase\src\dab_parameter.cpp)
c:\users\dbisig\programming\of_v0.11.2\addons\ofxdabbase\src\dab_parameter.h(117): warning C4290: C++ exception specification ignored except to indicate a function is not __declspec(nothrow) (compiling source file ..\..\..\addons\ofxDabBase\src\dab_parameter.cpp)
c:\users\dbisig\programming\of_v0.11.2\addons\ofxdabbase\src\dab_parameter.h(130): warning C4068: unknown pragma (compiling source file ..\..\..\addons\ofxDabBase\src\dab_parameter.cpp)
c:\users\dbisig\programming\of_v0.11.2\addons\ofxdabbase\src\dab_parameter.h(144): warning C4290: C++ exception specification ignored except to indicate a function is not __declspec(nothrow) (compiling source file ..\..\..\addons\ofxDabBase\src\dab_parameter.cpp)
  c:\users\dbisig\programming\of_v0.11.2\addons\ofxdabbase\src\dab_parameter.h(171): note: see reference to class template instantiation 'dab::Parameter<std::array<Type,Dim>>' being compiled (compiling source file ..\..\..\addons\ofxDabBase\src\dab_parameter.cpp)
c:\users\dbisig\programming\of_v0.11.2\addons\ofxdabbase\src\dab_parameter.h(148): warning C4290: C++ exception specification ignored except to indicate a function is not __declspec(nothrow) (compiling source file ..\..\..\addons\ofxDabBase\src\dab_parameter.cpp)
c:\users\dbisig\programming\of_v0.11.2\addons\ofxdabbase\src\dab_parameter.h(149): warning C4290: C++ exception specification ignored except to indicate a function is not __declspec(nothrow) (compiling source file ..\..\..\addons\ofxDabBase\src\dab_parameter.cpp)
c:\users\dbisig\programming\of_v0.11.2\addons\ofxdabbase\src\dab_parameter.h(150): warning C4290: C++ exception specification ignored except to indicate a function is not __declspec(nothrow) (compiling source file ..\..\..\addons\ofxDabBase\src\dab_parameter.cpp)
c:\users\dbisig\programming\of_v0.11.2\addons\ofxdabbase\src\dab_parameter.h(151): warning C4290: C++ exception specification ignored except to indicate a function is not __declspec(nothrow) (compiling source file ..\..\..\addons\ofxDabBase\src\dab_parameter.cpp)
c:\users\dbisig\programming\of_v0.11.2\addons\ofxdabbase\src\dab_parameter.h(153): warning C4290: C++ exception specification ignored except to indicate a function is not __declspec(nothrow) (compiling source file ..\..\..\addons\ofxDabBase\src\dab_parameter.cpp)
c:\users\dbisig\programming\of_v0.11.2\addons\ofxdabbase\src\dab_parameter.h(154): warning C4290: C++ exception specification ignored except to indicate a function is not __declspec(nothrow) (compiling source file ..\..\..\addons\ofxDabBase\src\dab_parameter.cpp)
c:\users\dbisig\programming\of_v0.11.2\addons\ofxdabbase\src\dab_parameter.h(155): warning C4290: C++ exception specification ignored except to indicate a function is not __declspec(nothrow) (compiling source file ..\..\..\addons\ofxDabBase\src\dab_parameter.cpp)
c:\users\dbisig\programming\of_v0.11.2\addons\ofxdabbase\src\dab_parameter.h(156): warning C4290: C++ exception specification ignored except to indicate a function is not __declspec(nothrow) (compiling source file ..\..\..\addons\ofxDabBase\src\dab_parameter.cpp)
c:\users\dbisig\programming\of_v0.11.2\addons\ofxdabbase\src\dab_parameter.h(158): warning C4290: C++ exception specification ignored except to indicate a function is not __declspec(nothrow) (compiling source file ..\..\..\addons\ofxDabBase\src\dab_parameter.cpp)
c:\users\dbisig\programming\of_v0.11.2\addons\ofxdabbase\src\dab_parameter.h(159): warning C4290: C++ exception specification ignored except to indicate a function is not __declspec(nothrow) (compiling source file ..\..\..\addons\ofxDabBase\src\dab_parameter.cpp)
c:\users\dbisig\programming\of_v0.11.2\addons\ofxdabbase\src\dab_parameter.h(160): warning C4290: C++ exception specification ignored except to indicate a function is not __declspec(nothrow) (compiling source file ..\..\..\addons\ofxDabBase\src\dab_parameter.cpp)
c:\users\dbisig\programming\of_v0.11.2\addons\ofxdabbase\src\dab_parameter.h(174): warning C4068: unknown pragma (compiling source file ..\..\..\addons\ofxDabBase\src\dab_parameter.cpp)
c:\users\dbisig\programming\of_v0.11.2\addons\ofxdabbase\src\dab_parameter.h(185): warning C4290: C++ exception specification ignored except to indicate a function is not __declspec(nothrow) (compiling source file ..\..\..\addons\ofxDabBase\src\dab_parameter.cpp)
c:\users\dbisig\programming\of_v0.11.2\addons\ofxdabbase\src\dab_parameter.h(201): warning C4290: C++ exception specification ignored except to indicate a function is not __declspec(nothrow) (compiling source file ..\..\..\addons\ofxDabBase\src\dab_parameter.cpp)
c:\users\dbisig\programming\of_v0.11.2\addons\ofxdabbase\src\dab_parameter.h(217): warning C4290: C++ exception specification ignored except to indicate a function is not __declspec(nothrow) (compiling source file ..\..\..\addons\ofxDabBase\src\dab_parameter.cpp)
c:\users\dbisig\programming\of_v0.11.2\addons\ofxdabbase\src\dab_parameter.h(233): warning C4290: C++ exception specification ignored except to indicate a function is not __declspec(nothrow) (compiling source file ..\..\..\addons\ofxDabBase\src\dab_parameter.cpp)
c:\users\dbisig\programming\of_v0.11.2\addons\ofxdabbase\src\dab_parameter.h(257): warning C4290: C++ exception specification ignored except to indicate a function is not __declspec(nothrow) (compiling source file ..\..\..\addons\ofxDabBase\src\dab_parameter.cpp)
c:\users\dbisig\programming\of_v0.11.2\addons\ofxdabbase\src\dab_parameter.h(273): warning C4290: C++ exception specification ignored except to indicate a function is not __declspec(nothrow) (compiling source file ..\..\..\addons\ofxDabBase\src\dab_parameter.cpp)
c:\users\dbisig\programming\of_v0.11.2\addons\ofxdabbase\src\dab_parameter.h(289): warning C4290: C++ exception specification ignored except to indicate a function is not __declspec(nothrow) (compiling source file ..\..\..\addons\ofxDabBase\src\dab_parameter.cpp)
c:\users\dbisig\programming\of_v0.11.2\addons\ofxdabbase\src\dab_parameter.h(305): warning C4290: C++ exception specification ignored except to indicate a function is not __declspec(nothrow) (compiling source file ..\..\..\addons\ofxDabBase\src\dab_parameter.cpp)
c:\users\dbisig\programming\of_v0.11.2\addons\ofxdabbase\src\dab_parameter.h(329): warning C4290: C++ exception specification ignored except to indicate a function is not __declspec(nothrow) (compiling source file ..\..\..\addons\ofxDabBase\src\dab_parameter.cpp)
c:\users\dbisig\programming\of_v0.11.2\addons\ofxdabbase\src\dab_parameter.h(377): warning C4290: C++ exception specification ignored except to indicate a function is not __declspec(nothrow) (compiling source file ..\..\..\addons\ofxDabBase\src\dab_parameter.cpp)
c:\users\dbisig\programming\of_v0.11.2\addons\ofxdabbase\src\dab_parameter.h(393): warning C4290: C++ exception specification ignored except to indicate a function is not __declspec(nothrow) (compiling source file ..\..\..\addons\ofxDabBase\src\dab_parameter.cpp)
c:\users\dbisig\programming\of_v0.11.2\addons\ofxdabbase\src\dab_parameter.h(407): warning C4068: unknown pragma (compiling source file ..\..\..\addons\ofxDabBase\src\dab_parameter.cpp)
c:\users\dbisig\programming\of_v0.11.2\addons\ofxdabbase\src\dab_parameter.h(483): warning C4290: C++ exception specification ignored except to indicate a function is not __declspec(nothrow) (compiling source file ..\..\..\addons\ofxDabBase\src\dab_parameter.cpp)
c:\users\dbisig\programming\of_v0.11.2\addons\ofxdabbase\src\dab_parameter.h(520): warning C4290: C++ exception specification ignored except to indicate a function is not __declspec(nothrow) (compiling source file ..\..\..\addons\ofxDabBase\src\dab_parameter.cpp)
c:\users\dbisig\programming\of_v0.11.2\addons\ofxdabbase\src\dab_parameter.h(529): warning C4290: C++ exception specification ignored except to indicate a function is not __declspec(nothrow) (compiling source file ..\..\..\addons\ofxDabBase\src\dab_parameter.cpp)
c:\users\dbisig\programming\of_v0.11.2\addons\ofxdabbase\src\dab_parameter.h(545): warning C4290: C++ exception specification ignored except to indicate a function is not __declspec(nothrow) (compiling source file ..\..\..\addons\ofxDabBase\src\dab_parameter.cpp)
c:\users\dbisig\programming\of_v0.11.2\addons\ofxdabbase\src\dab_parameter.h(561): warning C4290: C++ exception specification ignored except to indicate a function is not __declspec(nothrow) (compiling source file ..\..\..\addons\ofxDabBase\src\dab_parameter.cpp)
c:\users\dbisig\programming\of_v0.11.2\addons\ofxdabbase\src\dab_parameter.h(585): warning C4290: C++ exception specification ignored except to indicate a function is not __declspec(nothrow) (compiling source file ..\..\..\addons\ofxDabBase\src\dab_parameter.cpp)
c:\users\dbisig\programming\of_v0.11.2\addons\ofxdabbase\src\dab_parameter.h(601): warning C4290: C++ exception specification ignored except to indicate a function is not __declspec(nothrow) (compiling source file ..\..\..\addons\ofxDabBase\src\dab_parameter.cpp)
c:\users\dbisig\programming\of_v0.11.2\addons\ofxdabbase\src\dab_parameter.h(617): warning C4290: C++ exception specification ignored except to indicate a function is not __declspec(nothrow) (compiling source file ..\..\..\addons\ofxDabBase\src\dab_parameter.cpp)
c:\users\dbisig\programming\of_v0.11.2\addons\ofxdabbase\src\dab_parameter.h(633): warning C4290: C++ exception specification ignored except to indicate a function is not __declspec(nothrow) (compiling source file ..\..\..\addons\ofxDabBase\src\dab_parameter.cpp)
c:\users\dbisig\programming\of_v0.11.2\addons\ofxdabbase\src\dab_parameter.h(657): warning C4290: C++ exception specification ignored except to indicate a function is not __declspec(nothrow) (compiling source file ..\..\..\addons\ofxDabBase\src\dab_parameter.cpp)
c:\users\dbisig\programming\of_v0.11.2\addons\ofxdabbase\src\dab_parameter.h(661): warning C4290: C++ exception specification ignored except to indicate a function is not __declspec(nothrow) (compiling source file ..\..\..\addons\ofxDabBase\src\dab_parameter.cpp)
c:\users\dbisig\programming\of_v0.11.2\addons\ofxdabbase\src\dab_parameter.h(696): warning C4290: C++ exception specification ignored except to indicate a function is not __declspec(nothrow) (compiling source file ..\..\..\addons\ofxDabBase\src\dab_parameter.cpp)
c:\users\dbisig\programming\of_v0.11.2\addons\ofxdabbase\src\dab_parameter.h(712): warning C4290: C++ exception specification ignored except to indicate a function is not __declspec(nothrow) (compiling source file ..\..\..\addons\ofxDabBase\src\dab_parameter.cpp)
c:\users\dbisig\programming\of_v0.11.2\addons\ofxdabbase\src\dab_parameter.h(752): warning C4068: unknown pragma (compiling source file ..\..\..\addons\ofxDabBase\src\dab_parameter.cpp)
c:\users\dbisig\programming\of_v0.11.2\addons\ofxdabbase\src\dab_parameter.h(826): warning C4290: C++ exception specification ignored except to indicate a function is not __declspec(nothrow) (compiling source file ..\..\..\addons\ofxDabBase\src\dab_parameter.cpp)
c:\users\dbisig\programming\of_v0.11.2\addons\ofxdabbase\src\dab_parameter.h(863): warning C4290: C++ exception specification ignored except to indicate a function is not __declspec(nothrow) (compiling source file ..\..\..\addons\ofxDabBase\src\dab_parameter.cpp)
c:\users\dbisig\programming\of_v0.11.2\addons\ofxdabbase\src\dab_parameter.h(872): warning C4290: C++ exception specification ignored except to indicate a function is not __declspec(nothrow) (compiling source file ..\..\..\addons\ofxDabBase\src\dab_parameter.cpp)
c:\users\dbisig\programming\of_v0.11.2\addons\ofxdabbase\src\dab_parameter.h(888): warning C4290: C++ exception specification ignored except to indicate a function is not __declspec(nothrow) (compiling source file ..\..\..\addons\ofxDabBase\src\dab_parameter.cpp)
c:\users\dbisig\programming\of_v0.11.2\addons\ofxdabbase\src\dab_parameter.h(904): warning C4290: C++ exception specification ignored except to indicate a function is not __declspec(nothrow) (compiling source file ..\..\..\addons\ofxDabBase\src\dab_parameter.cpp)
c:\users\dbisig\programming\of_v0.11.2\addons\ofxdabbase\src\dab_parameter.h(928): warning C4290: C++ exception specification ignored except to indicate a function is not __declspec(nothrow) (compiling source file ..\..\..\addons\ofxDabBase\src\dab_parameter.cpp)
c:\users\dbisig\programming\of_v0.11.2\addons\ofxdabbase\src\dab_parameter.h(944): warning C4290: C++ exception specification ignored except to indicate a function is not __declspec(nothrow) (compiling source file ..\..\..\addons\ofxDabBase\src\dab_parameter.cpp)
c:\users\dbisig\programming\of_v0.11.2\addons\ofxdabbase\src\dab_parameter.h(960): warning C4290: C++ exception specification ignored except to indicate a function is not __declspec(nothrow) (compiling source file ..\..\..\addons\ofxDabBase\src\dab_parameter.cpp)
c:\users\dbisig\programming\of_v0.11.2\addons\ofxdabbase\src\dab_parameter.h(976): warning C4290: C++ exception specification ignored except to indicate a function is not __declspec(nothrow) (compiling source file ..\..\..\addons\ofxDabBase\src\dab_parameter.cpp)
c:\users\dbisig\programming\of_v0.11.2\addons\ofxdabbase\src\dab_parameter.h(1004): warning C4290: C++ exception specification ignored except to indicate a function is not __declspec(nothrow) (compiling source file ..\..\..\addons\ofxDabBase\src\dab_parameter.cpp)
c:\users\dbisig\programming\of_v0.11.2\addons\ofxdabbase\src\dab_parameter.h(1060): warning C4290: C++ exception specification ignored except to indicate a function is not __declspec(nothrow) (compiling source file ..\..\..\addons\ofxDabBase\src\dab_parameter.cpp)
c:\users\dbisig\programming\of_v0.11.2\addons\ofxdabbase\src\dab_parameter.h(1076): warning C4290: C++ exception specification ignored except to indicate a function is not __declspec(nothrow) (compiling source file ..\..\..\addons\ofxDabBase\src\dab_parameter.cpp)
c:\users\dbisig\programming\of_v0.11.2\addons\ofxdabbase\src\dab_parameter.cpp(8): warning C4068: unknown pragma
c:\users\dbisig\programming\of_v0.11.2\addons\ofxdabbase\src\dab_parameter.cpp(73): warning C4290: C++ exception specification ignored except to indicate a function is not __declspec(nothrow)
c:\users\dbisig\programming\of_v0.11.2\addons\ofxdabbase\src\dab_parameter.cpp(81): warning C4290: C++ exception specification ignored except to indicate a function is not __declspec(nothrow)
c:\users\dbisig\programming\of_v0.11.2\addons\ofxdabbase\src\dab_parameter.cpp(151): warning C4068: unknown pragma
c:\users\dbisig\programming\of_v0.11.2\addons\ofxdabbase\src\dab_parameter.cpp(155): warning C4290: C++ exception specification ignored except to indicate a function is not __declspec(nothrow)
c:\users\dbisig\programming\of_v0.11.2\addons\ofxdabbase\src\dab_parameter.cpp(159): warning C4267: 'initializing': conversion from 'size_t' to 'int', possible loss of data
c:\users\dbisig\programming\of_v0.11.2\addons\ofxdabbase\src\dab_parameter.cpp(182): warning C4101: 'e': unreferenced local variable
c:\users\dbisig\programming\of_v0.11.2\addons\ofxdabbase\src\dab_parameter.cpp(188): warning C4068: unknown pragma
c:\users\dbisig\programming\of_v0.11.2\addons\ofxdabbase\src\dab_parameter.h(475): warning C4267: 'initializing': conversion from 'size_t' to 'int', possible loss of data (compiling source file ..\..\..\addons\ofxDabBase\src\dab_parameter.cpp)
  c:\users\dbisig\programming\of_v0.11.2\addons\ofxdabbase\src\dab_parameter.h(469): note: while compiling class template member function 'dab::Parameter<std::string>::~Parameter(void)' (compiling source file ..\..\..\addons\ofxDabBase\src\dab_parameter.cpp)
  c:\users\dbisig\programming\of_v0.11.2\addons\ofxdabbase\src\dab_parameter.h(657): note: see reference to class template instantiation 'dab::Parameter<std::string>' being compiled (compiling source file ..\..\..\addons\ofxDabBase\src\dab_parameter.cpp)
c:\users\dbisig\programming\of_v0.11.2\addons\ofxdabbase\src\dab_parameter.h(459): warning C4267: 'initializing': conversion from 'size_t' to 'int', possible loss of data (compiling source file ..\..\..\addons\ofxDabBase\src\dab_parameter.cpp)
  c:\users\dbisig\programming\of_v0.11.2\addons\ofxdabbase\src\dab_parameter.h(450): note: while compiling class template member function 'dab::Parameter<std::string>::Parameter(const dab::Parameter<std::string> &)' (compiling source file ..\..\..\addons\ofxDabBase\src\dab_parameter.cpp)
  c:\users\dbisig\programming\of_v0.11.2\addons\ofxdabbase\src\dab_parameter.h(515): note: see reference to function template instantiation 'dab::Parameter<std::string>::Parameter(const dab::Parameter<std::string> &)' being compiled (compiling source file ..\..\..\addons\ofxDabBase\src\dab_parameter.cpp)
  c:\users\dbisig\programming\of_v0.11.2\addons\ofxdabbase\src\dab_parameter.h(469): note: while compiling class template member function 'dab::Parameter<std::string>::~Parameter(void)' (compiling source file ..\..\..\addons\ofxDabBase\src\dab_parameter.cpp)
c:\users\dbisig\programming\of_v0.11.2\addons\ofxdabbase\src\dab_parameter.h(501): warning C4267: 'initializing': conversion from 'size_t' to 'int', possible loss of data (compiling source file ..\..\..\addons\ofxDabBase\src\dab_parameter.cpp)
  c:\users\dbisig\programming\of_v0.11.2\addons\ofxdabbase\src\dab_parameter.h(493): note: while compiling class template member function 'const dab::Parameter<std::string> &dab::Parameter<std::string>::operator =(const dab::Parameter<std::string> &)' (compiling source file ..\..\..\addons\ofxDabBase\src\dab_parameter.cpp)
  c:\users\dbisig\programming\of_v0.11.2\addons\ofxdabbase\src\dab_parameter.h(487): note: see reference to function template instantiation 'const dab::Parameter<std::string> &dab::Parameter<std::string>::operator =(const dab::Parameter<std::string> &)' being compiled (compiling source file ..\..\..\addons\ofxDabBase\src\dab_parameter.cpp)
  Info: Boost.Config is older than your compiler version - probably nothing bad will happen - but you may wish to look for an update Boost version.  Define BOOST_CONFIG_SUPPRESS_OUTDATED_MESSAGE to suppress this message.
  Info: Boost.Config is older than your compiler version - probably nothing bad will happen - but you may wish to look for an update Boost version.  Define BOOST_CONFIG_SUPPRESS_OUTDATED_MESSAGE to suppress this message.
c:\users\dbisig\programming\of_v0.11.2\addons\ofxdabbase\src\dab_array.h(79): warning C4290: C++ exception specification ignored except to indicate a function is not __declspec(nothrow) (compiling source file ..\..\..\addons\ofxDabBase\src\dab_array.cpp)
  c:\users\dbisig\programming\of_v0.11.2\addons\ofxdabbase\src\dab_array.h(107): note: see reference to class template instantiation 'dab::Array<Type>' being compiled (compiling source file ..\..\..\addons\ofxDabBase\src\dab_array.cpp)
c:\users\dbisig\programming\of_v0.11.2\addons\ofxdabbase\src\dab_array.h(86): warning C4290: C++ exception specification ignored except to indicate a function is not __declspec(nothrow) (compiling source file ..\..\..\addons\ofxDabBase\src\dab_array.cpp)
c:\users\dbisig\programming\of_v0.11.2\addons\ofxdabbase\src\dab_array.h(87): warning C4290: C++ exception specification ignored except to indicate a function is not __declspec(nothrow) (compiling source file ..\..\..\addons\ofxDabBase\src\dab_array.cpp)
c:\users\dbisig\programming\of_v0.11.2\addons\ofxdabbase\src\dab_array.h(242): warning C4290: C++ exception specification ignored except to indicate a function is not __declspec(nothrow) (compiling source file ..\..\..\addons\ofxDabBase\src\dab_array.cpp)
c:\users\dbisig\programming\of_v0.11.2\addons\ofxdabbase\src\dab_array.h(306): warning C4290: C++ exception specification ignored except to indicate a function is not __declspec(nothrow) (compiling source file ..\..\..\addons\ofxDabBase\src\dab_array.cpp)
c:\users\dbisig\programming\of_v0.11.2\addons\ofxdabbase\src\dab_array.h(315): warning C4290: C++ exception specification ignored except to indicate a function is not __declspec(nothrow) (compiling source file ..\..\..\addons\ofxDabBase\src\dab_array.cpp)
c:\users\dbisig\programming\of_v0.11.2\addons\ofxdabbase\src\dab_buffer.h(31): warning C4290: C++ exception specification ignored except to indicate a function is not __declspec(nothrow) (compiling source file ..\..\..\addons\ofxDabBase\src\dab_buffer.cpp)
c:\users\dbisig\programming\of_v0.11.2\addons\ofxdabbase\src\dab_buffer.h(79): warning C4290: C++ exception specification ignored except to indicate a function is not __declspec(nothrow) (compiling source file ..\..\..\addons\ofxDabBase\src\dab_buffer.cpp)
  c:\users\dbisig\programming\of_v0.11.2\addons\ofxdabbase\src\dab_buffer.h(105): note: see reference to class template instantiation 'dab::Buffer<Type>' being compiled (compiling source file ..\..\..\addons\ofxDabBase\src\dab_buffer.cpp)
c:\users\dbisig\programming\of_v0.11.2\addons\ofxdabbase\src\dab_buffer.h(234): warning C4290: C++ exception specification ignored except to indicate a function is not __declspec(nothrow) (compiling source file ..\..\..\addons\ofxDabBase\src\dab_buffer.cpp)
     Creating library bin\example.lib and object bin\example.exp
  LINK : /LTCG specified but no code generation required; remove /LTCG from the link command line to improve linker performance
  example.vcxproj -> C:\Users\dbisig\Programming\of_v0.11.2\addons\ofxDabBase\example\bin\example.exe
  
  	                   2	C:\Users\dbisig\Programming\of_v0.11.2\libs\fmod\lib\vs\x64\
  	    New File  		 1826304	C:\Users\dbisig\Programming\of_v0.11.2\libs\fmod\lib\vs\x64\fmod.dll
  	    New File  		 2041856	C:\Users\dbisig\Programming\of_v0.11.2\libs\fmod\lib\vs\x64\fmodL.dll
  
  	                   1	C:\Users\dbisig\Programming\of_v0.11.2\libs\FreeImage\lib\vs\x64\
  	  *EXTRA File 		 1826304	C:\Users\dbisig\Programming\of_v0.11.2\addons\ofxDabBase\example\bin\fmod.dll
  	  *EXTRA File 		 2041856	C:\Users\dbisig\Programming\of_v0.11.2\addons\ofxDabBase\example\bin\fmodL.dll
  	    New File  		 6942208	C:\Users\dbisig\Programming\of_v0.11.2\libs\FreeImage\lib\vs\x64\FreeImage.dll
